<?xml version="1.0" encoding="UTF-8"?>
<testng-results skipped="0" failed="0" ignored="0" total="1" passed="1">
  <reporter-output>
  </reporter-output>
  <suite name="Default suite" duration-ms="4022" started-at="2025-09-19T01:27:09 IST" finished-at="2025-09-19T01:27:13 IST">
    <groups>
    </groups>
    <test name="Default test" duration-ms="4022" started-at="2025-09-19T01:27:09 IST" finished-at="2025-09-19T01:27:13 IST">
      <class name="toolsqa.requests.RestAssured_GET">
        <test-method status="PASS" signature="GetBooksDetails()[pri:0, instance:toolsqa.requests.RestAssured_GET@6895a785]" name="GetBooksDetails" duration-ms="3963" started-at="2025-09-19T01:27:09 IST" finished-at="2025-09-19T01:27:13 IST">
          <reporter-output>
          </reporter-output>
        </test-method> <!-- GetBooksDetails -->
      </class> <!-- toolsqa.requests.RestAssured_GET -->
    </test> <!-- Default test -->
  </suite> <!-- Default suite -->
</testng-results>
